Arguments: 
  C:\Program Files\nodejs\node.exe C:\Users\Mr_Huang\AppData\Roaming\npm\node_modules\yarn\bin\yarn.js add art-tamplate

PATH: 
  C:\Program Files (x86)\NVIDIA Corporation\PhysX\Common;C:\Program Files\Common Files\Oracle\Java\javapath;C:\ProgramData\Oracle\Java\javapath;C:\WINDOWS\system32;C:\WINDOWS;C:\WINDOWS\System32\Wbem;C:\WINDOWS\System32\WindowsPowerShell\v1.0\;C:\WINDOWS\System32\OpenSSH\;C:\Program Files\Microsoft SQL Server\130\Tools\Binn\;C:\Program Files\MySQL\MySQL Server 8.0\bin;D:\Adobe\apache-tomcat-9.0.41\bin;D:\Adobe\apache-tomcat-9.0.41\lib;D:\Java\jdk1.8.0_131\bin;D:\Java\jdk1.8.0_131\jre\bin;C:\Program Files\Microsoft SQL Server\Client SDK\ODBC\170\Tools\Binn\;C:\Program Files (x86)\Microsoft SQL Server\150\Tools\Binn\;C:\Program Files\Microsoft SQL Server\150\Tools\Binn\;C:\Program Files\Microsoft SQL Server\150\DTS\Binn\;C:\Program Files (x86)\Microsoft SQL Server\150\DTS\Binn\;C:\Program Files\Azure Data Studio\bin;C:\Program Files (x86)\Microsoft SQL Server\100\Tools\Binn\;C:\Program Files\Microsoft SQL Server\100\Tools\Binn\;C:\Program Files\Microsoft SQL Server\100\DTS\Binn\;C:\Program Files\dotnet\;E:\ffmpeg-4.3.1-2020-10-01-full_build\bin;C:\Program Files\nodejs\;D:\anaconda;D:\anaconda\Library\mingw-w64\bin;D:\anaconda\Library\usr\bin;D:\anaconda\Library\bin;D:\anaconda\Scripts;C:\Users\Mr_Huang\AppData\Local\Microsoft\WindowsApps;C:\Program Files\Azure Data Studio\bin;D:\tool\PyCharm 2021.3.2\bin;;C:\Users\Mr_Huang\.dotnet\tools;E:\VScode\Microsoft VS Code\bin;C:\Users\Mr_Huang\AppData\Roaming\npm;D:\tool\Git;D:\tool\Git\mingw64\bin;D:\tool\Git\mingw64\libexec\git-core;

Yarn version: 
  1.22.19

Node version: 
  16.15.1

Platform: 
  win32 x64

Trace: 
  Error: https://registry.npmmirror.com/art-tamplate: [NOT_FOUND] art-tamplate not found
      at Request.params.callback [as _callback] (C:\Users\Mr_Huang\AppData\Roaming\npm\node_modules\yarn\lib\cli.js:66145:18)
      at Request.self.callback (C:\Users\Mr_Huang\AppData\Roaming\npm\node_modules\yarn\lib\cli.js:140890:22)
      at Request.emit (node:events:527:28)
      at Request.<anonymous> (C:\Users\Mr_Huang\AppData\Roaming\npm\node_modules\yarn\lib\cli.js:141862:10)
      at Request.emit (node:events:527:28)
      at Gunzip.<anonymous> (C:\Users\Mr_Huang\AppData\Roaming\npm\node_modules\yarn\lib\cli.js:141784:12)
      at Object.onceWrapper (node:events:641:28)
      at Gunzip.emit (node:events:527:28)
      at endReadableNT (node:internal/streams/readable:1345:12)
      at processTicksAndRejections (node:internal/process/task_queues:83:21)

npm manifest: 
  {
    "dependencies": {
      "yarn": "^1.22.19"
    }
  }

yarn manifest: 
  No manifest

Lockfile: 
  No lockfile
